0 info it worked if it ends with ok
1 verbose cli [ '/usr/local/Cellar/node/7.3.0/bin/node',
1 verbose cli   '/usr/local/bin/npm',
1 verbose cli   'run',
1 verbose cli   'minify:js' ]
2 info using npm@4.0.5
3 info using node@v7.3.0
4 verbose run-script [ 'preminify:js', 'minify:js', 'postminify:js' ]
5 info lifecycle frontend-nanodegree-mobile-portfolio@1.0.0~preminify:js: frontend-nanodegree-mobile-portfolio@1.0.0
6 silly lifecycle frontend-nanodegree-mobile-portfolio@1.0.0~preminify:js: no script for preminify:js, continuing
7 info lifecycle frontend-nanodegree-mobile-portfolio@1.0.0~minify:js: frontend-nanodegree-mobile-portfolio@1.0.0
8 verbose lifecycle frontend-nanodegree-mobile-portfolio@1.0.0~minify:js: unsafe-perm in lifecycle true
9 verbose lifecycle frontend-nanodegree-mobile-portfolio@1.0.0~minify:js: PATH: /usr/local/lib/node_modules/npm/bin/node-gyp-bin:/Users/GerhardNuffer/Dropbox/nanodegree/frontend-nanodegree-mobile-portfolio/node_modules/.bin:/usr/local/Cellar/vim/7.4.979/bin:/usr/local/bin:/usr/local/sbin:/usr/bin:/bin:/usr/sbin:/sbin:/usr/local/git/bin:/Library/TeX/texbin
10 verbose lifecycle frontend-nanodegree-mobile-portfolio@1.0.0~minify:js: CWD: /Users/GerhardNuffer/Dropbox/nanodegree/frontend-nanodegree-mobile-portfolio
11 silly lifecycle frontend-nanodegree-mobile-portfolio@1.0.0~minify:js: Args: [ '-c',
11 silly lifecycle   'uglifyjs src/js/perfmatters.js -m -c -o dist/js/perfmatters.js && uglifyjs src/views/js/main.js -m -c -o dist/views/js/main.js' ]
12 silly lifecycle frontend-nanodegree-mobile-portfolio@1.0.0~minify:js: Returned: code: 1  signal: null
13 info lifecycle frontend-nanodegree-mobile-portfolio@1.0.0~minify:js: Failed to exec minify:js script
14 verbose stack Error: frontend-nanodegree-mobile-portfolio@1.0.0 minify:js: `uglifyjs src/js/perfmatters.js -m -c -o dist/js/perfmatters.js && uglifyjs src/views/js/main.js -m -c -o dist/views/js/main.js`
14 verbose stack Exit status 1
14 verbose stack     at EventEmitter.<anonymous> (/usr/local/lib/node_modules/npm/lib/utils/lifecycle.js:279:16)
14 verbose stack     at emitTwo (events.js:106:13)
14 verbose stack     at EventEmitter.emit (events.js:191:7)
14 verbose stack     at ChildProcess.<anonymous> (/usr/local/lib/node_modules/npm/lib/utils/spawn.js:40:14)
14 verbose stack     at emitTwo (events.js:106:13)
14 verbose stack     at ChildProcess.emit (events.js:191:7)
14 verbose stack     at maybeClose (internal/child_process.js:885:16)
14 verbose stack     at Process.ChildProcess._handle.onexit (internal/child_process.js:226:5)
15 verbose pkgid frontend-nanodegree-mobile-portfolio@1.0.0
16 verbose cwd /Users/GerhardNuffer/Dropbox/nanodegree/frontend-nanodegree-mobile-portfolio
17 error Darwin 15.0.0
18 error argv "/usr/local/Cellar/node/7.3.0/bin/node" "/usr/local/bin/npm" "run" "minify:js"
19 error node v7.3.0
20 error npm  v4.0.5
21 error code ELIFECYCLE
22 error frontend-nanodegree-mobile-portfolio@1.0.0 minify:js: `uglifyjs src/js/perfmatters.js -m -c -o dist/js/perfmatters.js && uglifyjs src/views/js/main.js -m -c -o dist/views/js/main.js`
22 error Exit status 1
23 error Failed at the frontend-nanodegree-mobile-portfolio@1.0.0 minify:js script 'uglifyjs src/js/perfmatters.js -m -c -o dist/js/perfmatters.js && uglifyjs src/views/js/main.js -m -c -o dist/views/js/main.js'.
23 error Make sure you have the latest version of node.js and npm installed.
23 error If you do, this is most likely a problem with the frontend-nanodegree-mobile-portfolio package,
23 error not with npm itself.
23 error Tell the author that this fails on your system:
23 error     uglifyjs src/js/perfmatters.js -m -c -o dist/js/perfmatters.js && uglifyjs src/views/js/main.js -m -c -o dist/views/js/main.js
23 error You can get information on how to open an issue for this project with:
23 error     npm bugs frontend-nanodegree-mobile-portfolio
23 error Or if that isn't available, you can get their info via:
23 error     npm owner ls frontend-nanodegree-mobile-portfolio
23 error There is likely additional logging output above.
24 verbose exit [ 1, true ]
